<?xml version="1.0" encoding="UTF-8"?>
<testng-results skipped="0" failed="1" ignored="0" total="3" passed="2">
  <reporter-output>
  </reporter-output>
  <suite name="testsuite" duration-ms="8340" started-at="2020-06-05T16:08:48Z" finished-at="2020-06-05T16:08:56Z">
    <groups>
    </groups>
    <test name="testhomepage" duration-ms="8340" started-at="2020-06-05T16:08:48Z" finished-at="2020-06-05T16:08:56Z">
      <class name="Test.TestCase.TestCase">
        <test-method status="PASS" signature="initializeWeb()[pri:0, instance:Test.TestCase.TestCase@6a41eaa2]" name="initializeWeb" is-config="true" duration-ms="25000" started-at="2020-06-05T16:08:23Z" finished-at="2020-06-05T16:08:48Z">
          <reporter-output>
          </reporter-output>
        </test-method> <!-- initializeWeb -->
        <test-method status="PASS" signature="login()[pri:0, instance:Test.TestCase.TestCase@6a41eaa2]" name="login" duration-ms="3175" started-at="2020-06-05T16:08:48Z" finished-at="2020-06-05T16:08:51Z">
          <reporter-output>
          </reporter-output>
        </test-method> <!-- login -->
        <test-method status="FAIL" signature="verifyFilter()[pri:0, instance:Test.TestCase.TestCase@6a41eaa2]" name="verifyFilter" duration-ms="2631" started-at="2020-06-05T16:08:51Z" finished-at="2020-06-05T16:08:54Z">
          <exception class="java.lang.AssertionError">
            <message>
              <![CDATA[expected [true] but found [false]]]>
            </message>
            <full-stacktrace>
              <![CDATA[java.lang.AssertionError: expected [true] but found [false]
at org.testng.Assert.fail(Assert.java:96)
at org.testng.Assert.failNotEquals(Assert.java:776)
at org.testng.Assert.assertEqualsImpl(Assert.java:137)
at org.testng.Assert.assertEquals(Assert.java:118)
at org.testng.Assert.assertEquals(Assert.java:568)
at org.testng.Assert.assertEquals(Assert.java:578)
at Test.TestCase.TestCase.verifyFilter(TestCase.java:79)
at sun.reflect.NativeMethodAccessorImpl.invoke0(Native Method)
at sun.reflect.NativeMethodAccessorImpl.invoke(Unknown Source)
at sun.reflect.DelegatingMethodAccessorImpl.invoke(Unknown Source)
at java.lang.reflect.Method.invoke(Unknown Source)
at org.testng.internal.MethodInvocationHelper.invokeMethod(MethodInvocationHelper.java:124)
at org.testng.internal.Invoker.invokeMethod(Invoker.java:580)
at org.testng.internal.Invoker.invokeTestMethod(Invoker.java:716)
at org.testng.internal.Invoker.invokeTestMethods(Invoker.java:988)
at org.testng.internal.TestMethodWorker.invokeTestMethods(TestMethodWorker.java:125)
at org.testng.internal.TestMethodWorker.run(TestMethodWorker.java:109)
at org.testng.TestRunner.privateRun(TestRunner.java:648)
at org.testng.TestRunner.run(TestRunner.java:505)
at org.testng.SuiteRunner.runTest(SuiteRunner.java:455)
at org.testng.SuiteRunner.runSequentially(SuiteRunner.java:450)
at org.testng.SuiteRunner.privateRun(SuiteRunner.java:415)
at org.testng.SuiteRunner.run(SuiteRunner.java:364)
at org.testng.SuiteRunnerWorker.runSuite(SuiteRunnerWorker.java:52)
at org.testng.SuiteRunnerWorker.run(SuiteRunnerWorker.java:84)
at org.testng.TestNG.runSuitesSequentially(TestNG.java:1208)
at org.testng.TestNG.runSuitesLocally(TestNG.java:1137)
at org.testng.TestNG.runSuites(TestNG.java:1049)
at org.testng.TestNG.run(TestNG.java:1017)
at org.testng.remote.AbstractRemoteTestNG.run(AbstractRemoteTestNG.java:114)
at org.testng.remote.RemoteTestNG.initAndRun(RemoteTestNG.java:251)
at org.testng.remote.RemoteTestNG.main(RemoteTestNG.java:77)
]]>
            </full-stacktrace>
          </exception> <!-- java.lang.AssertionError -->
          <reporter-output>
          </reporter-output>
        </test-method> <!-- verifyFilter -->
        <test-method status="PASS" signature="verifySort()[pri:0, instance:Test.TestCase.TestCase@6a41eaa2]" name="verifySort" duration-ms="2204" started-at="2020-06-05T16:08:54Z" finished-at="2020-06-05T16:08:56Z">
          <reporter-output>
          </reporter-output>
        </test-method> <!-- verifySort -->
      </class> <!-- Test.TestCase.TestCase -->
    </test> <!-- testhomepage -->
  </suite> <!-- testsuite -->
</testng-results>
